{"level":"info","message":"API is running on port 5000"}
{"level":"info","message":"Connected to MongoDB Atlas"}
{"level":"info","message":"API is running on port 5000"}
{"level":"info","message":"Connected to MongoDB Atlas"}
{"level":"info","message":"API is running on port 5000"}
{"level":"info","message":"Connected to MongoDB Atlas"}
{"level":"info","message":"API is running on port 5000"}
{"level":"info","message":"Connected to MongoDB Atlas"}
{"level":"info","message":"API is running on port 5000"}
{"level":"info","message":"Connected to MongoDB Atlas"}
{"level":"error","message":"SyntaxError: Bad control character in string literal in JSON at position 240 (line 3 column 199)\n    at JSON.parse (<anonymous>)\n    at parse (C:\\Users\\akash\\Downloads\\exam and admin portal backend\\project\\node_modules\\body-parser\\lib\\types\\json.js:92:19)\n    at C:\\Users\\akash\\Downloads\\exam and admin portal backend\\project\\node_modules\\body-parser\\lib\\read.js:128:18\n    at AsyncResource.runInAsyncScope (node:async_hooks:211:14)\n    at invokeCallback (C:\\Users\\akash\\Downloads\\exam and admin portal backend\\project\\node_modules\\raw-body\\index.js:238:16)\n    at done (C:\\Users\\akash\\Downloads\\exam and admin portal backend\\project\\node_modules\\raw-body\\index.js:227:7)\n    at IncomingMessage.onEnd (C:\\Users\\akash\\Downloads\\exam and admin portal backend\\project\\node_modules\\raw-body\\index.js:287:7)\n    at IncomingMessage.emit (node:events:524:28)\n    at endReadableNT (node:internal/streams/readable:1698:12)\n    at process.processTicksAndRejections (node:internal/process/task_queues:90:21)"}
{"level":"info","message":"API is running on port 5000"}
{"code":"ECONNREFUSED","hostname":"_mongodb._tcp.cluster0.hn4vr.mongodb.net","level":"error","message":"MongoDB connection error: querySrv ECONNREFUSED _mongodb._tcp.cluster0.hn4vr.mongodb.net","stack":"Error: querySrv ECONNREFUSED _mongodb._tcp.cluster0.hn4vr.mongodb.net\n    at QueryReqWrap.onresolve [as oncomplete] (node:internal/dns/promises:293:17)","syscall":"querySrv"}
{"level":"info","message":"API is running on port 5000"}
{"level":"error","message":"MongoDB connection error: Could not connect to any servers in your MongoDB Atlas cluster. One common reason is that you're trying to access the database from an IP that isn't whitelisted. Make sure your current IP address is on your Atlas cluster's IP whitelist: https://www.mongodb.com/docs/atlas/security-whitelist/","reason":{"commonWireVersion":0,"compatible":true,"heartbeatFrequencyMS":10000,"localThresholdMS":15,"logicalSessionTimeoutMinutes":null,"maxElectionId":null,"maxSetVersion":null,"servers":{"cluster0-shard-00-00.hn4vr.mongodb.net:27017":{"$clusterTime":null,"address":"cluster0-shard-00-00.hn4vr.mongodb.net:27017","arbiters":[],"electionId":null,"error":{},"hosts":[],"iscryptd":false,"lastUpdateTime":61972423,"lastWriteDate":0,"logicalSessionTimeoutMinutes":null,"maxBsonObjectSize":null,"maxMessageSizeBytes":null,"maxWireVersion":0,"maxWriteBatchSize":null,"me":null,"minRoundTripTime":0,"minWireVersion":0,"passives":[],"primary":null,"roundTripTime":-1,"setName":null,"setVersion":null,"tags":{},"topologyVersion":null,"type":"Unknown"},"cluster0-shard-00-01.hn4vr.mongodb.net:27017":{"$clusterTime":null,"address":"cluster0-shard-00-01.hn4vr.mongodb.net:27017","arbiters":[],"electionId":null,"error":{},"hosts":[],"iscryptd":false,"lastUpdateTime":61972143,"lastWriteDate":0,"logicalSessionTimeoutMinutes":null,"maxBsonObjectSize":null,"maxMessageSizeBytes":null,"maxWireVersion":0,"maxWriteBatchSize":null,"me":null,"minRoundTripTime":0,"minWireVersion":0,"passives":[],"primary":null,"roundTripTime":-1,"setName":null,"setVersion":null,"tags":{},"topologyVersion":null,"type":"Unknown"},"cluster0-shard-00-02.hn4vr.mongodb.net:27017":{"$clusterTime":null,"address":"cluster0-shard-00-02.hn4vr.mongodb.net:27017","arbiters":[],"electionId":null,"error":{},"hosts":[],"iscryptd":false,"lastUpdateTime":61972164,"lastWriteDate":0,"logicalSessionTimeoutMinutes":null,"maxBsonObjectSize":null,"maxMessageSizeBytes":null,"maxWireVersion":0,"maxWriteBatchSize":null,"me":null,"minRoundTripTime":0,"minWireVersion":0,"passives":[],"primary":null,"roundTripTime":-1,"setName":null,"setVersion":null,"tags":{},"topologyVersion":null,"type":"Unknown"}},"setName":"atlas-yykb90-shard-0","stale":false,"type":"ReplicaSetNoPrimary"},"stack":"MongooseServerSelectionError: Could not connect to any servers in your MongoDB Atlas cluster. One common reason is that you're trying to access the database from an IP that isn't whitelisted. Make sure your current IP address is on your Atlas cluster's IP whitelist: https://www.mongodb.com/docs/atlas/security-whitelist/\n    at _handleConnectionErrors (C:\\Users\\akash\\OneDrive\\Desktop\\tech1\\exam and admin portal backend\\project\\node_modules\\mongoose\\lib\\connection.js:1110:11)\n    at NativeConnection.openUri (C:\\Users\\akash\\OneDrive\\Desktop\\tech1\\exam and admin portal backend\\project\\node_modules\\mongoose\\lib\\connection.js:1041:11)"}
{"level":"info","message":"API is running on port 5000"}
{"level":"info","message":"Connected to MongoDB Atlas"}
{"level":"info","message":"API is running on port 5000"}
{"level":"info","message":"Connected to MongoDB Atlas"}
{"level":"info","message":"API is running on port 5000"}
{"level":"info","message":"Connected to MongoDB Atlas"}
{"level":"info","message":"API is running on port 5000"}
{"level":"info","message":"Connected to MongoDB Atlas"}
{"level":"info","message":"API is running on port 5000"}
{"level":"info","message":"Connected to MongoDB Atlas"}
{"level":"info","message":"API is running on port 5000"}
{"level":"info","message":"Connected to MongoDB Atlas"}
{"level":"info","message":"API is running on port 5000"}
{"level":"info","message":"Connected to MongoDB Atlas"}
{"level":"info","message":"API is running on port 5000"}
{"level":"info","message":"Connected to MongoDB Atlas"}
{"level":"info","message":"API is running on port 5000"}
{"level":"error","message":"MongoDB connection error: Could not connect to any servers in your MongoDB Atlas cluster. One common reason is that you're trying to access the database from an IP that isn't whitelisted. Make sure your current IP address is on your Atlas cluster's IP whitelist: https://www.mongodb.com/docs/atlas/security-whitelist/","reason":{"commonWireVersion":0,"compatible":true,"heartbeatFrequencyMS":10000,"localThresholdMS":15,"logicalSessionTimeoutMinutes":null,"maxElectionId":null,"maxSetVersion":null,"servers":{"cluster0-shard-00-00.hn4vr.mongodb.net:27017":{"$clusterTime":null,"address":"cluster0-shard-00-00.hn4vr.mongodb.net:27017","arbiters":[],"electionId":null,"error":{},"hosts":[],"iscryptd":false,"lastUpdateTime":109703623,"lastWriteDate":0,"logicalSessionTimeoutMinutes":null,"maxBsonObjectSize":null,"maxMessageSizeBytes":null,"maxWireVersion":0,"maxWriteBatchSize":null,"me":null,"minRoundTripTime":0,"minWireVersion":0,"passives":[],"primary":null,"roundTripTime":-1,"setName":null,"setVersion":null,"tags":{},"topologyVersion":null,"type":"Unknown"},"cluster0-shard-00-01.hn4vr.mongodb.net:27017":{"$clusterTime":null,"address":"cluster0-shard-00-01.hn4vr.mongodb.net:27017","arbiters":[],"electionId":null,"error":{},"hosts":[],"iscryptd":false,"lastUpdateTime":109703524,"lastWriteDate":0,"logicalSessionTimeoutMinutes":null,"maxBsonObjectSize":null,"maxMessageSizeBytes":null,"maxWireVersion":0,"maxWriteBatchSize":null,"me":null,"minRoundTripTime":0,"minWireVersion":0,"passives":[],"primary":null,"roundTripTime":-1,"setName":null,"setVersion":null,"tags":{},"topologyVersion":null,"type":"Unknown"},"cluster0-shard-00-02.hn4vr.mongodb.net:27017":{"$clusterTime":null,"address":"cluster0-shard-00-02.hn4vr.mongodb.net:27017","arbiters":[],"electionId":null,"error":{},"hosts":[],"iscryptd":false,"lastUpdateTime":109703564,"lastWriteDate":0,"logicalSessionTimeoutMinutes":null,"maxBsonObjectSize":null,"maxMessageSizeBytes":null,"maxWireVersion":0,"maxWriteBatchSize":null,"me":null,"minRoundTripTime":0,"minWireVersion":0,"passives":[],"primary":null,"roundTripTime":-1,"setName":null,"setVersion":null,"tags":{},"topologyVersion":null,"type":"Unknown"}},"setName":"atlas-yykb90-shard-0","stale":false,"type":"ReplicaSetNoPrimary"},"stack":"MongooseServerSelectionError: Could not connect to any servers in your MongoDB Atlas cluster. One common reason is that you're trying to access the database from an IP that isn't whitelisted. Make sure your current IP address is on your Atlas cluster's IP whitelist: https://www.mongodb.com/docs/atlas/security-whitelist/\n    at _handleConnectionErrors (C:\\Users\\akash\\OneDrive\\Desktop\\tech1\\exam and admin portal backend\\project\\node_modules\\mongoose\\lib\\connection.js:1110:11)\n    at NativeConnection.openUri (C:\\Users\\akash\\OneDrive\\Desktop\\tech1\\exam and admin portal backend\\project\\node_modules\\mongoose\\lib\\connection.js:1041:11)"}
{"level":"info","message":"API is running on port 5000"}
{"level":"info","message":"Connected to MongoDB Atlas"}
{"level":"info","message":"API is running on port 5000"}
{"level":"info","message":"Connected to MongoDB Atlas"}
{"level":"info","message":"API is running on port 5000"}
{"level":"error","message":"MongoDB connection error: Could not connect to any servers in your MongoDB Atlas cluster. One common reason is that you're trying to access the database from an IP that isn't whitelisted. Make sure your current IP address is on your Atlas cluster's IP whitelist: https://www.mongodb.com/docs/atlas/security-whitelist/","reason":{"commonWireVersion":0,"compatible":true,"heartbeatFrequencyMS":10000,"localThresholdMS":15,"logicalSessionTimeoutMinutes":null,"maxElectionId":null,"maxSetVersion":null,"servers":{"cluster0-shard-00-00.hn4vr.mongodb.net:27017":{"$clusterTime":null,"address":"cluster0-shard-00-00.hn4vr.mongodb.net:27017","arbiters":[],"electionId":null,"error":{},"hosts":[],"iscryptd":false,"lastUpdateTime":113176448,"lastWriteDate":0,"logicalSessionTimeoutMinutes":null,"maxBsonObjectSize":null,"maxMessageSizeBytes":null,"maxWireVersion":0,"maxWriteBatchSize":null,"me":null,"minRoundTripTime":0,"minWireVersion":0,"passives":[],"primary":null,"roundTripTime":-1,"setName":null,"setVersion":null,"tags":{},"topologyVersion":null,"type":"Unknown"},"cluster0-shard-00-01.hn4vr.mongodb.net:27017":{"$clusterTime":null,"address":"cluster0-shard-00-01.hn4vr.mongodb.net:27017","arbiters":[],"electionId":null,"error":{},"hosts":[],"iscryptd":false,"lastUpdateTime":113176139,"lastWriteDate":0,"logicalSessionTimeoutMinutes":null,"maxBsonObjectSize":null,"maxMessageSizeBytes":null,"maxWireVersion":0,"maxWriteBatchSize":null,"me":null,"minRoundTripTime":0,"minWireVersion":0,"passives":[],"primary":null,"roundTripTime":-1,"setName":null,"setVersion":null,"tags":{},"topologyVersion":null,"type":"Unknown"},"cluster0-shard-00-02.hn4vr.mongodb.net:27017":{"$clusterTime":null,"address":"cluster0-shard-00-02.hn4vr.mongodb.net:27017","arbiters":[],"electionId":null,"error":{},"hosts":[],"iscryptd":false,"lastUpdateTime":113176052,"lastWriteDate":0,"logicalSessionTimeoutMinutes":null,"maxBsonObjectSize":null,"maxMessageSizeBytes":null,"maxWireVersion":0,"maxWriteBatchSize":null,"me":null,"minRoundTripTime":0,"minWireVersion":0,"passives":[],"primary":null,"roundTripTime":-1,"setName":null,"setVersion":null,"tags":{},"topologyVersion":null,"type":"Unknown"}},"setName":"atlas-yykb90-shard-0","stale":false,"type":"ReplicaSetNoPrimary"},"stack":"MongooseServerSelectionError: Could not connect to any servers in your MongoDB Atlas cluster. One common reason is that you're trying to access the database from an IP that isn't whitelisted. Make sure your current IP address is on your Atlas cluster's IP whitelist: https://www.mongodb.com/docs/atlas/security-whitelist/\n    at _handleConnectionErrors (C:\\Users\\akash\\OneDrive\\Desktop\\tech1\\exam and admin portal backend\\project\\node_modules\\mongoose\\lib\\connection.js:1110:11)\n    at NativeConnection.openUri (C:\\Users\\akash\\OneDrive\\Desktop\\tech1\\exam and admin portal backend\\project\\node_modules\\mongoose\\lib\\connection.js:1041:11)"}
{"level":"info","message":"API is running on port 5000"}
{"level":"error","message":"MongoDB connection error: Could not connect to any servers in your MongoDB Atlas cluster. One common reason is that you're trying to access the database from an IP that isn't whitelisted. Make sure your current IP address is on your Atlas cluster's IP whitelist: https://www.mongodb.com/docs/atlas/security-whitelist/","reason":{"commonWireVersion":0,"compatible":true,"heartbeatFrequencyMS":10000,"localThresholdMS":15,"logicalSessionTimeoutMinutes":null,"maxElectionId":null,"maxSetVersion":null,"servers":{"cluster0-shard-00-00.hn4vr.mongodb.net:27017":{"$clusterTime":null,"address":"cluster0-shard-00-00.hn4vr.mongodb.net:27017","arbiters":[],"electionId":null,"error":{},"hosts":[],"iscryptd":false,"lastUpdateTime":113305197,"lastWriteDate":0,"logicalSessionTimeoutMinutes":null,"maxBsonObjectSize":null,"maxMessageSizeBytes":null,"maxWireVersion":0,"maxWriteBatchSize":null,"me":null,"minRoundTripTime":0,"minWireVersion":0,"passives":[],"primary":null,"roundTripTime":-1,"setName":null,"setVersion":null,"tags":{},"topologyVersion":null,"type":"Unknown"},"cluster0-shard-00-01.hn4vr.mongodb.net:27017":{"$clusterTime":null,"address":"cluster0-shard-00-01.hn4vr.mongodb.net:27017","arbiters":[],"electionId":null,"error":{},"hosts":[],"iscryptd":false,"lastUpdateTime":113305446,"lastWriteDate":0,"logicalSessionTimeoutMinutes":null,"maxBsonObjectSize":null,"maxMessageSizeBytes":null,"maxWireVersion":0,"maxWriteBatchSize":null,"me":null,"minRoundTripTime":0,"minWireVersion":0,"passives":[],"primary":null,"roundTripTime":-1,"setName":null,"setVersion":null,"tags":{},"topologyVersion":null,"type":"Unknown"},"cluster0-shard-00-02.hn4vr.mongodb.net:27017":{"$clusterTime":null,"address":"cluster0-shard-00-02.hn4vr.mongodb.net:27017","arbiters":[],"electionId":null,"error":{},"hosts":[],"iscryptd":false,"lastUpdateTime":113305180,"lastWriteDate":0,"logicalSessionTimeoutMinutes":null,"maxBsonObjectSize":null,"maxMessageSizeBytes":null,"maxWireVersion":0,"maxWriteBatchSize":null,"me":null,"minRoundTripTime":0,"minWireVersion":0,"passives":[],"primary":null,"roundTripTime":-1,"setName":null,"setVersion":null,"tags":{},"topologyVersion":null,"type":"Unknown"}},"setName":"atlas-yykb90-shard-0","stale":false,"type":"ReplicaSetNoPrimary"},"stack":"MongooseServerSelectionError: Could not connect to any servers in your MongoDB Atlas cluster. One common reason is that you're trying to access the database from an IP that isn't whitelisted. Make sure your current IP address is on your Atlas cluster's IP whitelist: https://www.mongodb.com/docs/atlas/security-whitelist/\n    at _handleConnectionErrors (C:\\Users\\akash\\OneDrive\\Desktop\\tech1\\exam and admin portal backend\\project\\node_modules\\mongoose\\lib\\connection.js:1110:11)\n    at NativeConnection.openUri (C:\\Users\\akash\\OneDrive\\Desktop\\tech1\\exam and admin portal backend\\project\\node_modules\\mongoose\\lib\\connection.js:1041:11)"}
{"level":"info","message":"API is running on port 5000"}
{"level":"info","message":"Connected to MongoDB Atlas"}
{"level":"info","message":"API is running on port 5000"}
{"level":"info","message":"Connected to MongoDB Atlas"}
[2025-01-23T05:06:21.733Z] info: API is running on port 5000
[2025-01-23T05:06:21.763Z] error: Error connecting to MongoDB:
[2025-01-23T05:07:52.994Z] info: API is running on port 5000
[2025-01-23T05:07:53.008Z] error: Error connecting to MongoDB:
[2025-01-23T05:09:16.456Z] info: API is running on port 5000
[2025-01-23T05:09:19.788Z] info: Connected to MongoDB
[2025-01-23T05:33:56.374Z] info: MongoDB connection closed due to app termination
[2025-01-23T05:34:43.166Z] info: API is running on port 5000
[2025-01-23T05:34:44.487Z] info: Connected to MongoDB
[2025-01-23T05:38:30.247Z] info: MongoDB connection closed due to app termination
[2025-01-23T05:38:33.764Z] info: API is running on port 5000
[2025-01-23T05:38:35.078Z] info: Connected to MongoDB
[2025-01-23T08:29:35.767Z] info: API is running on port 5000
[2025-01-23T08:30:06.646Z] error: Error connecting to MongoDB:
[2025-01-23T08:30:45.463Z] info: API is running on port 5000
[2025-01-23T08:30:46.353Z] info: Connected to MongoDB
[2025-01-23T08:37:15.059Z] info: MongoDB connection closed due to app termination
[2025-01-23T08:41:28.654Z] info: API is running on port 5000
[2025-01-23T08:41:35.331Z] info: Connected to MongoDB
[2025-01-23T08:50:14.539Z] info: MongoDB connection closed due to app termination
[2025-01-23T08:50:26.311Z] info: API is running on port 5000
[2025-01-23T08:50:32.074Z] info: Connected to MongoDB
[2025-01-23T08:58:18.331Z] info: MongoDB connection closed due to app termination
[2025-01-23T08:59:50.767Z] info: API is running on port 5000
[2025-01-23T08:59:53.111Z] info: Connected to MongoDB
[2025-01-23T09:02:51.671Z] info: MongoDB connection closed due to app termination
[2025-01-23T09:03:00.127Z] info: API is running on port 5000
[2025-01-23T09:03:06.457Z] info: Connected to MongoDB
[2025-01-23T09:06:39.102Z] info: MongoDB connection closed due to app termination
[2025-01-23T09:08:53.747Z] info: API is running on port 5000
[2025-01-23T09:08:58.012Z] info: Connected to MongoDB
[2025-01-23T09:14:23.608Z] info: MongoDB connection closed due to app termination
[2025-01-23T09:14:27.893Z] info: API is running on port 5000
[2025-01-23T09:14:31.964Z] info: Connected to MongoDB
[2025-01-23T09:18:38.191Z] info: MongoDB connection closed due to app termination
[2025-01-23T09:18:42.989Z] info: API is running on port 5000
[2025-01-23T09:18:46.826Z] info: Connected to MongoDB
[2025-01-23T09:22:55.723Z] info: MongoDB connection closed due to app termination
[2025-01-23T09:23:00.677Z] info: API is running on port 5000
[2025-01-23T09:23:04.705Z] info: Connected to MongoDB
[2025-01-23T09:32:02.218Z] info: MongoDB connection closed due to app termination
[2025-01-23T09:43:56.387Z] info: API is running on port 5000
[2025-01-23T09:43:57.543Z] info: Connected to MongoDB
[2025-01-23T09:56:02.570Z] info: MongoDB connection closed due to app termination
[2025-01-23T09:56:07.183Z] info: API is running on port 5000
[2025-01-23T09:56:08.187Z] info: Connected to MongoDB
[2025-01-23T10:07:14.913Z] info: MongoDB connection closed due to app termination
[2025-01-23T10:08:42.815Z] info: API is running on port 5000
[2025-01-23T10:08:43.812Z] info: Connected to MongoDB
[2025-01-23T10:16:18.187Z] info: MongoDB connection closed due to app termination
[2025-01-23T10:16:22.116Z] info: API is running on port 5000
[2025-01-23T10:16:22.917Z] info: Connected to MongoDB
[2025-01-23T10:18:58.411Z] info: MongoDB connection closed due to app termination
[2025-01-23T10:19:02.129Z] info: API is running on port 5000
[2025-01-23T10:19:02.890Z] info: Connected to MongoDB
[2025-01-23T10:34:14.508Z] info: MongoDB connection closed due to app termination
[2025-01-23T10:34:19.304Z] info: API is running on port 5000
[2025-01-23T10:34:20.269Z] info: Connected to MongoDB
[2025-01-23T11:34:53.219Z] info: MongoDB connection closed due to app termination
[2025-01-23T11:35:01.361Z] info: API is running on port 5000
[2025-01-23T11:35:04.923Z] info: Connected to MongoDB
[2025-01-23T12:23:00.629Z] info: MongoDB connection closed due to app termination
[2025-01-23T12:23:05.570Z] info: API is running on port 5000
[2025-01-23T12:23:06.396Z] info: Connected to MongoDB
[2025-01-23T12:25:10.012Z] info: MongoDB connection closed due to app termination
[2025-01-23T12:25:13.821Z] info: API is running on port 5000
[2025-01-23T12:25:14.936Z] info: Connected to MongoDB
[2025-01-23T12:39:42.891Z] info: MongoDB connection closed due to app termination
[2025-01-23T12:40:36.768Z] info: API is running on port 5000
[2025-01-23T12:40:38.484Z] info: Connected to MongoDB
[2025-01-23T13:11:50.839Z] info: MongoDB connection closed due to app termination
[2025-01-23T13:11:56.720Z] info: API is running on port 5000
[2025-01-23T13:11:57.875Z] info: Connected to MongoDB
[2025-01-23T16:56:56.868Z] info: API is running on port 5000
[2025-01-23T16:57:27.225Z] error: Error connecting to MongoDB:
[2025-01-23T16:57:57.130Z] info: API is running on port 5000
[2025-01-23T16:57:58.699Z] info: Connected to MongoDB
[2025-01-23T17:58:13.195Z] info: MongoDB connection closed due to app termination
[2025-01-23T18:59:14.146Z] info: API is running on port 5000
[2025-01-23T18:59:15.986Z] info: Connected to MongoDB
[2025-01-24T03:35:29.853Z] info: API is running on port 5000
[2025-01-24T03:35:31.393Z] info: Connected to MongoDB
[2025-01-24T03:48:52.644Z] info: API is running on port 5000
[2025-01-24T03:48:53.716Z] info: Connected to MongoDB
[2025-01-24T05:31:03.112Z] error: SyntaxError: Unexpected token '-', "
-H "Conten"... is not valid JSON
    at JSON.parse (<anonymous>)
    at createStrictSyntaxError (C:\Users\akash\OneDrive\Desktop\tech1\exam and admin portal backend\project\node_modules\body-parser\lib\types\json.js:169:10)
    at parse (C:\Users\akash\OneDrive\Desktop\tech1\exam and admin portal backend\project\node_modules\body-parser\lib\types\json.js:86:15)
    at C:\Users\akash\OneDrive\Desktop\tech1\exam and admin portal backend\project\node_modules\body-parser\lib\read.js:128:18
    at AsyncResource.runInAsyncScope (node:async_hooks:211:14)
    at invokeCallback (C:\Users\akash\OneDrive\Desktop\tech1\exam and admin portal backend\project\node_modules\raw-body\index.js:238:16)
    at done (C:\Users\akash\OneDrive\Desktop\tech1\exam and admin portal backend\project\node_modules\raw-body\index.js:227:7)
    at IncomingMessage.onEnd (C:\Users\akash\OneDrive\Desktop\tech1\exam and admin portal backend\project\node_modules\raw-body\index.js:287:7)
    at IncomingMessage.emit (node:events:524:28)
    at endReadableNT (node:internal/streams/readable:1698:12)
[2025-01-24T05:37:35.759Z] error: SyntaxError: Unexpected token ''', "'{
  "sec"... is not valid JSON
    at JSON.parse (<anonymous>)
    at createStrictSyntaxError (C:\Users\akash\OneDrive\Desktop\tech1\exam and admin portal backend\project\node_modules\body-parser\lib\types\json.js:169:10)
    at parse (C:\Users\akash\OneDrive\Desktop\tech1\exam and admin portal backend\project\node_modules\body-parser\lib\types\json.js:86:15)
    at C:\Users\akash\OneDrive\Desktop\tech1\exam and admin portal backend\project\node_modules\body-parser\lib\read.js:128:18
    at AsyncResource.runInAsyncScope (node:async_hooks:211:14)
    at invokeCallback (C:\Users\akash\OneDrive\Desktop\tech1\exam and admin portal backend\project\node_modules\raw-body\index.js:238:16)
    at done (C:\Users\akash\OneDrive\Desktop\tech1\exam and admin portal backend\project\node_modules\raw-body\index.js:227:7)
    at IncomingMessage.onEnd (C:\Users\akash\OneDrive\Desktop\tech1\exam and admin portal backend\project\node_modules\raw-body\index.js:287:7)
    at IncomingMessage.emit (node:events:524:28)
    at endReadableNT (node:internal/streams/readable:1698:12)
[2025-01-24T06:03:53.571Z] info: API is running on port 5000
[2025-01-24T06:03:54.956Z] info: Connected to MongoDB
[2025-01-24T09:46:12.483Z] info: API is running on port 5000
[2025-01-24T09:46:45.772Z] error: Error connecting to MongoDB:
[2025-01-24T09:48:15.377Z] info: API is running on port 5000
[2025-01-24T09:48:20.304Z] info: Connected to MongoDB
[2025-01-24T11:27:25.344Z] info: MongoDB connection closed due to app termination
[2025-01-24T11:27:31.992Z] info: API is running on port 5000
[2025-01-24T11:28:04.767Z] error: Error connecting to MongoDB:
[2025-01-24T11:30:01.053Z] info: API is running on port 5000
[2025-01-24T11:30:05.252Z] info: Connected to MongoDB
[2025-01-27T04:10:38.626Z] info: API is running on port 5000
[2025-01-27T04:11:08.767Z] error: Error connecting to MongoDB:
[2025-01-27T04:12:15.509Z] info: API is running on port 5000
[2025-01-27T04:12:16.606Z] info: Connected to MongoDB
[2025-01-27T04:31:39.071Z] info: API is running on port 5000
[2025-01-27T04:31:40.369Z] info: Connected to MongoDB
[2025-01-27T09:01:39.368Z] info: API is running on port 5000
[2025-01-27T09:01:41.312Z] info: Connected to MongoDB
[2025-01-27T17:56:23.207Z] info: API is running on port 5000
[2025-01-27T17:56:53.666Z] error: Error connecting to MongoDB:
[2025-01-27T17:58:00.243Z] info: API is running on port 5000
[2025-01-27T17:58:01.875Z] info: Connected to MongoDB
[2025-01-27T18:16:26.154Z] info: API is running on port 5000
[2025-01-27T18:16:29.870Z] info: Connected to MongoDB
[2025-01-27T19:07:00.476Z] info: API is running on port 5000
[2025-01-27T19:07:05.148Z] info: Connected to MongoDB
[2025-01-27T19:12:27.315Z] info: API is running on port 5000
[2025-01-27T19:12:30.061Z] info: Connected to MongoDB
[2025-01-27T19:41:27.752Z] info: API is running on port 5000
[2025-01-27T19:41:32.045Z] info: Connected to MongoDB
[2025-01-27T19:55:45.381Z] info: API is running on port 5000
[2025-01-27T19:56:08.813Z] error: Error connecting to MongoDB:
[2025-01-27T19:59:43.993Z] info: API is running on port 5000
[2025-01-27T19:59:48.307Z] info: Connected to MongoDB
[2025-01-28T03:26:02.519Z] info: API is running on port 5000
[2025-01-28T03:26:02.531Z] error: Error connecting to MongoDB:
[2025-01-28T03:28:11.489Z] info: API is running on port 5000
[2025-01-28T03:28:12.642Z] info: Connected to MongoDB
[2025-01-28T06:48:56.059Z] info: API is running on port 5000
[2025-01-28T06:48:57.201Z] info: Connected to MongoDB
[2025-01-28T07:51:04.914Z] info: MongoDB connection closed due to app termination
[2025-01-28T08:00:07.517Z] info: API is running on port 5000
[2025-01-28T08:00:08.776Z] info: Connected to MongoDB
[2025-01-28T08:35:23.240Z] info: API is running on port 5000
[2025-01-28T08:35:24.408Z] info: Connected to MongoDB
[2025-01-28T16:47:28.246Z] info: API is running on port 5000
[2025-01-28T16:47:58.637Z] error: Error connecting to MongoDB:
[2025-01-28T16:48:21.406Z] info: API is running on port 5000
[2025-01-28T16:48:52.350Z] error: Error connecting to MongoDB:
[2025-01-28T16:50:28.497Z] info: API is running on port 5000
[2025-01-28T16:50:31.466Z] info: Connected to MongoDB
[2025-01-28T17:42:27.739Z] info: API is running on port 5000
[2025-01-28T17:42:35.604Z] info: Connected to MongoDB
[2025-01-28T17:46:01.694Z] info: API is running on port 5000
[2025-01-28T17:46:05.378Z] info: Connected to MongoDB
[2025-01-28T17:48:01.171Z] info: API is running on port 5000
[2025-01-28T17:48:07.658Z] info: Connected to MongoDB
[2025-01-28T17:51:29.167Z] info: API is running on port 5000
[2025-01-28T17:51:34.822Z] info: API is running on port 5000
[2025-01-28T17:51:38.742Z] info: Connected to MongoDB
[2025-01-28T17:53:53.547Z] info: API is running on port 5000
[2025-01-28T17:53:56.462Z] info: Connected to MongoDB
[2025-01-28T17:54:11.312Z] info: API is running on port 5000
[2025-01-28T17:54:13.241Z] info: Connected to MongoDB
[2025-01-28T18:02:22.675Z] info: API is running on port 5000
[2025-01-28T18:02:25.447Z] info: Connected to MongoDB
[2025-01-28T19:14:22.370Z] info: API is running on port 5000
[2025-01-28T19:14:28.375Z] info: Connected to MongoDB
[2025-01-28T19:19:53.248Z] info: API is running on port 5000
[2025-01-28T19:19:55.533Z] info: Connected to MongoDB
[2025-01-28T19:27:32.054Z] info: API is running on port 5000
[2025-01-28T19:27:33.235Z] info: Connected to MongoDB
[2025-01-28T19:34:23.551Z] error: SyntaxError: Unexpected token ']', ...",

 
  ]
}
" is not valid JSON
    at JSON.parse (<anonymous>)
    at parse (C:\Users\akash\OneDrive\Desktop\tech1\exam and admin portal backend\project\node_modules\body-parser\lib\types\json.js:92:19)
    at C:\Users\akash\OneDrive\Desktop\tech1\exam and admin portal backend\project\node_modules\body-parser\lib\read.js:128:18
    at AsyncResource.runInAsyncScope (node:async_hooks:211:14)
    at invokeCallback (C:\Users\akash\OneDrive\Desktop\tech1\exam and admin portal backend\project\node_modules\raw-body\index.js:238:16)
    at done (C:\Users\akash\OneDrive\Desktop\tech1\exam and admin portal backend\project\node_modules\raw-body\index.js:227:7)
    at IncomingMessage.onEnd (C:\Users\akash\OneDrive\Desktop\tech1\exam and admin portal backend\project\node_modules\raw-body\index.js:287:7)
    at IncomingMessage.emit (node:events:524:28)
    at endReadableNT (node:internal/streams/readable:1698:12)
    at process.processTicksAndRejections (node:internal/process/task_queues:90:21)
[2025-01-28T19:39:35.479Z] info: MongoDB connection closed due to app termination
[2025-01-28T19:49:05.140Z] info: API is running on port 5000
[2025-01-28T19:49:10.201Z] info: Connected to MongoDB
[2025-01-29T04:05:59.131Z] info: API is running on port 5000
[2025-01-29T04:06:00.160Z] info: Connected to MongoDB
[2025-01-29T04:09:38.635Z] info: API is running on port 5000
[2025-01-29T04:09:39.592Z] info: Connected to MongoDB
[2025-01-29T05:31:23.227Z] info: API is running on port 5000
[2025-01-29T05:31:54.118Z] error: Error connecting to MongoDB:
[2025-01-29T05:33:38.355Z] info: API is running on port 5000
[2025-01-29T05:33:39.526Z] info: Connected to MongoDB
[2025-01-29T06:45:21.208Z] info: API is running on port 5000
[2025-01-29T08:58:07.010Z] info: API is running on port 5000
[2025-01-29T08:58:37.594Z] error: Error connecting to MongoDB:
[2025-01-29T09:03:11.479Z] info: API is running on port 5000
[2025-01-29T09:03:12.004Z] info: Connected to MongoDB
[2025-01-29T10:16:53.732Z] info: API is running on port 5000
[2025-01-29T10:16:55.503Z] info: Connected to MongoDB
[2025-01-29T17:24:39.740Z] info: API is running on port 5000
[2025-01-29T17:25:12.000Z] error: Error connecting to MongoDB:
[2025-01-29T17:26:09.219Z] info: API is running on port 5000
[2025-01-29T17:26:11.640Z] info: Connected to MongoDB
[2025-01-29T18:29:30.767Z] info: API is running on port 5000
[2025-01-29T18:29:35.291Z] info: Connected to MongoDB
[2025-01-29T18:42:28.801Z] info: API is running on port 5000
[2025-01-29T18:42:36.485Z] info: Connected to MongoDB
[2025-01-30T04:06:10.157Z] info: API is running on port 5000
[2025-01-30T04:06:12.767Z] info: Connected to MongoDB
[2025-01-30T04:51:35.550Z] info: API is running on port 5000
[2025-01-30T04:52:07.743Z] error: Error connecting to MongoDB:
[2025-01-30T04:53:50.280Z] info: API is running on port 5000
[2025-01-30T04:53:51.216Z] info: Connected to MongoDB
[2025-01-30T08:50:45.864Z] info: API is running on port 5000
[2025-01-30T08:50:47.382Z] info: Connected to MongoDB
[2025-01-30T12:55:03.638Z] info: API is running on port 5000
[2025-01-30T12:55:04.326Z] info: Connected to MongoDB
[2025-01-30T17:32:59.784Z] info: API is running on port 5000
[2025-01-30T17:33:32.967Z] error: Error connecting to MongoDB:
[2025-01-30T17:34:13.249Z] info: API is running on port 5000
[2025-01-30T17:34:14.225Z] info: Connected to MongoDB
[2025-01-31T03:41:30.101Z] info: API is running on port 5000
[2025-01-31T03:41:31.338Z] info: Connected to MongoDB
[2025-01-31T03:58:17.170Z] info: MongoDB connection closed due to app termination
[2025-01-31T03:58:22.533Z] info: API is running on port 5000
[2025-01-31T03:58:52.721Z] error: Error connecting to MongoDB:
[2025-01-31T03:59:59.536Z] info: API is running on port 5000
[2025-01-31T04:00:00.760Z] info: Connected to MongoDB
[2025-01-31T08:43:40.135Z] info: API is running on port 5000
[2025-01-31T08:43:40.657Z] info: Connected to MongoDB
[2025-01-31T10:29:29.393Z] info: API is running on port 5000
[2025-01-31T10:29:30.926Z] info: Connected to MongoDB
[2025-01-31T18:35:09.209Z] info: API is running on port 5000
[2025-01-31T18:35:11.098Z] info: Connected to MongoDB
[2025-01-31T19:48:30.505Z] info: API is running on port 5000
[2025-01-31T19:49:03.062Z] error: Error connecting to MongoDB:
[2025-01-31T19:49:53.140Z] info: API is running on port 5000
[2025-01-31T19:49:54.994Z] info: Connected to MongoDB
[2025-02-01T15:02:54.536Z] info: API is running on port 5000
[2025-02-01T15:03:24.877Z] error: Error connecting to MongoDB:
[2025-02-01T15:03:39.184Z] info: API is running on port 5000
[2025-02-01T15:03:45.293Z] info: Connected to MongoDB
[2025-02-04T03:39:57.371Z] info: API is running on port 5000
[2025-02-04T03:40:00.823Z] info: Connected to MongoDB
[2025-02-04T04:41:30.731Z] info: API is running on port 5000
[2025-02-04T04:42:01.226Z] error: Error connecting to MongoDB:
[2025-02-04T04:42:11.218Z] info: API is running on port 5000
[2025-02-04T04:42:42.378Z] error: Error connecting to MongoDB:
[2025-02-04T08:01:29.717Z] info: API is running on port 5000
[2025-02-04T08:01:32.375Z] info: Connected to MongoDB
[2025-02-04T08:25:47.018Z] info: API is running on port 5000
[2025-02-04T08:25:51.270Z] info: Connected to MongoDB
